2010-09-17 11:44:50,121 INFO /usr/home/lhh/MediaChooser/../MediaChooser/ad_resource_mgmt/views.py query id:4 username: hudandan
2010-09-17 11:45:01,973 INFO /usr/home/lhh/MediaChooser/../MediaChooser/ad_resource_mgmt/views.py query id:4 username: hudandan
2010-09-17 12:00:16,392 INFO /usr/home/lhh/MediaChooser/../MediaChooser/ad_resource_mgmt/views.py query id:4 username: hudandan
2010-09-17 14:48:16,385 INFO /usr/home/lhh/MediaChooser/../MediaChooser/ad_resource_mgmt/views.py query id:4 username: hudandan
2010-09-17 16:49:33,168 INFO /usr/home/lhh/MediaChooser/../MediaChooser/ad_resource_mgmt/views.py query id:4 username: hudandan
2010-09-17 16:49:41,814 INFO /usr/home/lhh/MediaChooser/../MediaChooser/ad_resource_mgmt/views.py query id:4 username: hudandan
2010-09-17 16:50:05,616 INFO /usr/home/lhh/MediaChooser/../MediaChooser/ad_resource_mgmt/views.py query id:4 username: hudandan
2010-09-17 16:52:19,543 INFO /usr/home/lhh/MediaChooser/../MediaChooser/ad_resource_mgmt/views.py query id:4 username: hudandan
2010-09-17 17:05:24,237 INFO /usr/home/lhh/MediaChooser/../MediaChooser/ad_resource_mgmt/views.py query id:4 username: hudandan
2010-09-17 17:05:28,825 INFO /usr/home/lhh/MediaChooser/../MediaChooser/ad_resource_mgmt/views.py query id:4 username: hudandan
2010-09-17 17:08:06,192 INFO /usr/home/lhh/MediaChooser/../MediaChooser/ad_resource_mgmt/views.py query id:4 username: hudandan
2010-09-17 17:08:10,907 INFO /usr/home/lhh/MediaChooser/../MediaChooser/ad_resource_mgmt/views.py query id:4 username: hudandan
2010-09-17 17:41:34,289 INFO /usr/home/lhh/MediaChooser/../MediaChooser/ad_resource_mgmt/views.py query id:4 username: hudandan
2010-09-17 17:41:43,014 INFO /usr/home/lhh/MediaChooser/../MediaChooser/ad_resource_mgmt/views.py query id:4 username: hudandan
2010-09-17 17:59:33,355 INFO /usr/home/lhh/MediaChooser/../MediaChooser/ad_resource_mgmt/views.py query id:4 username: hudandan
2010-09-17 17:59:37,969 INFO /usr/home/lhh/MediaChooser/../MediaChooser/ad_resource_mgmt/views.py query id:4 username: hudandan
2010-09-19 09:19:25,644 INFO /usr/home/lhh/MediaChooser/../MediaChooser/ad_resource_mgmt/views.py query id:4 username: hudandan
2010-09-19 09:24:08,602 INFO /usr/home/lhh/MediaChooser/../MediaChooser/ad_resource_mgmt/views.py query id:4 username: hudandan
2010-09-19 09:46:18,643 INFO /usr/home/lhh/MediaChooser/../MediaChooser/ad_resource_mgmt/views.py query id:4 username: hudandan
2010-09-19 09:46:24,286 INFO /usr/home/lhh/MediaChooser/../MediaChooser/ad_resource_mgmt/views.py query id:4 username: hudandan
2010-09-19 10:28:54,910 INFO /usr/home/lhh/MediaChooser/../MediaChooser/ad_resource_mgmt/views.py query id:4 username: hudandan
2010-09-19 11:57:31,951 INFO /usr/home/lhh/MediaChooser/../MediaChooser/ad_resource_mgmt/views.py query id:4 username: hudandan
2010-09-19 11:57:39,028 INFO /usr/home/lhh/MediaChooser/../MediaChooser/ad_resource_mgmt/views.py query id:4 username: hudandan
2010-09-19 12:13:23,602 INFO /usr/home/lhh/MediaChooser/../MediaChooser/ad_resource_mgmt/views.py query id:4 username: hudandan
2010-09-19 12:13:29,494 INFO /usr/home/lhh/MediaChooser/../MediaChooser/ad_resource_mgmt/views.py query id:4 username: hudandan
2010-09-20 09:36:37,673 INFO /usr/home/lhh/MediaChooser/../MediaChooser/ad_resource_mgmt/views.py query id:4 username: hudandan
2010-09-20 09:42:39,031 INFO /usr/home/lhh/MediaChooser/../MediaChooser/ad_resource_mgmt/views.py query id:4 username: hudandan
2010-09-20 10:10:56,044 INFO /usr/home/lhh/MediaChooser/../MediaChooser/ad_resource_mgmt/views.py query id:4 username: hudandan
2010-09-20 10:11:04,865 INFO /usr/home/lhh/MediaChooser/../MediaChooser/ad_resource_mgmt/views.py query id:4 username: hudandan
2010-09-20 10:19:13,615 INFO /usr/home/lhh/MediaChooser/../MediaChooser/ad_resource_mgmt/views.py query id:4 username: hudandan
2010-09-20 10:20:05,641 INFO /usr/home/lhh/MediaChooser/../MediaChooser/ad_resource_mgmt/views.py query id:4 username: hudandan
2010-09-20 10:23:17,530 INFO /usr/home/lhh/MediaChooser/../MediaChooser/ad_resource_mgmt/views.py query id:4 username: hudandan
2010-09-20 10:33:50,619 INFO /usr/home/lhh/MediaChooser/../MediaChooser/ad_resource_mgmt/views.py query id:4 username: hudandan
2010-09-20 10:33:58,458 INFO /usr/home/lhh/MediaChooser/../MediaChooser/ad_resource_mgmt/views.py query id:4 username: hudandan
2010-09-20 14:46:07,524 INFO /usr/home/lhh/MediaChooser/../MediaChooser/ad_resource_mgmt/views.py query id:4 username: hudandan
2010-09-20 15:36:11,257 INFO /usr/home/lhh/MediaChooser/../MediaChooser/ad_resource_mgmt/views.py query id:4 username: hudandan
2010-09-20 15:36:34,017 INFO /usr/home/lhh/MediaChooser/../MediaChooser/ad_resource_mgmt/views.py query id:4 username: hudandan
2010-09-20 15:49:39,568 INFO /usr/home/lhh/MediaChooser/../MediaChooser/ad_resource_mgmt/views.py query id:4 username: hudandan
2010-09-20 15:51:36,199 INFO /usr/home/lhh/MediaChooser/../MediaChooser/ad_resource_mgmt/views.py query id:4 username: hudandan
2010-09-20 16:40:33,721 INFO /usr/home/lhh/MediaChooser/../MediaChooser/ad_resource_mgmt/views.py query id:4 username: hudandan
2010-09-21 09:42:41,360 INFO /usr/home/lhh/MediaChooser/../MediaChooser/ad_resource_mgmt/views.py query id:4 username: hudandan
2010-09-21 10:23:49,635 INFO /usr/home/lhh/MediaChooser/../MediaChooser/ad_resource_mgmt/views.py query id:4 username: hudandan
2010-09-21 10:24:11,433 INFO /usr/home/lhh/MediaChooser/../MediaChooser/ad_resource_mgmt/views.py query id:4 username: hudandan
2010-09-21 11:29:39,821 INFO /usr/home/lhh/MediaChooser/../MediaChooser/ad_resource_mgmt/views.py query id:4 username: hudandan
2010-09-21 11:31:13,777 INFO /usr/home/lhh/MediaChooser/../MediaChooser/ad_resource_mgmt/views.py query id:4 username: hudandan
2010-09-25 09:37:18,282 INFO /usr/home/lhh/MediaChooser/../MediaChooser/ad_resource_mgmt/views.py query id:4 username: hudandan
2010-09-25 11:12:40,635 INFO /usr/home/lhh/MediaChooser/../MediaChooser/ad_resource_mgmt/views.py query id:4 username: hudandan
2010-09-26 10:47:32,122 INFO /usr/home/lhh/MediaChooser/../MediaChooser/ad_resource_mgmt/views.py query id:4 username: hudandan
2010-09-26 10:47:41,225 INFO /usr/home/lhh/MediaChooser/../MediaChooser/ad_resource_mgmt/views.py query id:4 username: hudandan
2010-09-26 11:11:45,456 INFO /usr/home/lhh/MediaChooser/../MediaChooser/ad_resource_mgmt/views.py query id:4 username: hudandan
2010-09-26 11:11:51,540 INFO /usr/home/lhh/MediaChooser/../MediaChooser/ad_resource_mgmt/views.py query id:4 username: hudandan
2010-09-26 11:23:45,483 INFO /usr/home/lhh/MediaChooser/../MediaChooser/ad_resource_mgmt/views.py query id:1 username: admin
2010-09-26 11:23:49,739 INFO /usr/home/lhh/MediaChooser/../MediaChooser/ad_resource_mgmt/views.py query id:1 username: admin
2010-09-26 11:47:24,944 INFO /usr/home/lhh/MediaChooser/../MediaChooser/ad_resource_mgmt/views.py query id:1 username: admin
2010-09-26 11:47:30,770 INFO /usr/home/lhh/MediaChooser/../MediaChooser/ad_resource_mgmt/views.py query id:1 username: admin
2010-09-26 11:50:58,825 INFO /usr/home/lhh/MediaChooser/../MediaChooser/ad_resource_mgmt/views.py query id:1 username: admin
2010-09-26 11:51:04,006 INFO /usr/home/lhh/MediaChooser/../MediaChooser/ad_resource_mgmt/views.py query id:1 username: admin
2010-09-26 11:53:18,529 INFO /usr/home/lhh/MediaChooser/../MediaChooser/ad_resource_mgmt/views.py query id:4 username: hudandan
2010-09-26 12:00:03,334 INFO /usr/home/lhh/MediaChooser/../MediaChooser/ad_resource_mgmt/views.py query id:1 username: admin
2010-09-26 12:00:08,641 INFO /usr/home/lhh/MediaChooser/../MediaChooser/ad_resource_mgmt/views.py query id:1 username: admin
2010-09-26 12:01:51,188 INFO /usr/home/lhh/MediaChooser/../MediaChooser/ad_resource_mgmt/views.py query id:4 username: hudandan
2010-09-26 12:02:55,497 INFO /usr/home/lhh/MediaChooser/../MediaChooser/ad_resource_mgmt/views.py query id:4 username: hudandan
2010-09-28 10:52:27,099 INFO /usr/home/lhh/MediaChooser/../MediaChooser/ad_resource_mgmt/views.py query id:4 username: hudandan
2010-09-28 11:18:41,035 INFO /usr/home/lhh/MediaChooser/../MediaChooser/ad_resource_mgmt/views.py query id:4 username: hudandan
2010-09-28 11:18:51,126 INFO /usr/home/lhh/MediaChooser/../MediaChooser/ad_resource_mgmt/views.py query id:4 username: hudandan
2010-09-28 11:37:22,536 INFO /usr/home/lhh/MediaChooser/../MediaChooser/ad_resource_mgmt/views.py query id:4 username: hudandan
2010-09-28 11:40:42,392 INFO /usr/home/lhh/MediaChooser/../MediaChooser/ad_resource_mgmt/views.py query id:4 username: hudandan
2010-09-28 12:18:24,965 INFO /usr/home/lhh/MediaChooser/../MediaChooser/ad_resource_mgmt/views.py query id:4 username: hudandan
2010-09-28 12:19:29,905 INFO /usr/home/lhh/MediaChooser/../MediaChooser/ad_resource_mgmt/views.py query id:4 username: hudandan
2010-09-28 12:22:46,173 INFO /usr/home/lhh/MediaChooser/../MediaChooser/ad_resource_mgmt/views.py query id:4 username: hudandan
2010-09-28 12:26:50,641 INFO /usr/home/lhh/MediaChooser/../MediaChooser/ad_resource_mgmt/views.py query id:4 username: hudandan
2010-09-28 15:26:05,513 INFO /usr/home/lhh/MediaChooser/../MediaChooser/ad_resource_mgmt/views.py query id:4 username: hudandan
2010-09-28 15:55:49,137 INFO /usr/home/lhh/MediaChooser/../MediaChooser/ad_resource_mgmt/views.py query id:4 username: hudandan
2010-09-28 15:56:32,407 INFO /usr/home/lhh/MediaChooser/../MediaChooser/ad_resource_mgmt/views.py query id:4 username: hudandan
2010-09-28 15:57:13,670 INFO /usr/home/lhh/MediaChooser/../MediaChooser/ad_resource_mgmt/views.py query id:4 username: hudandan
2010-09-28 15:57:54,994 INFO /usr/home/lhh/MediaChooser/../MediaChooser/ad_resource_mgmt/views.py query id:4 username: hudandan
2010-09-28 15:58:23,147 INFO /usr/home/lhh/MediaChooser/../MediaChooser/ad_resource_mgmt/views.py query id:4 username: hudandan
2010-09-28 17:38:14,080 INFO /usr/home/lhh/MediaChooser/../MediaChooser/ad_resource_mgmt/views.py query id:4 username: hudandan
2010-09-28 17:38:29,163 INFO /usr/home/lhh/MediaChooser/../MediaChooser/ad_resource_mgmt/views.py query id:4 username: hudandan
2010-09-28 17:38:34,842 INFO /usr/home/lhh/MediaChooser/../MediaChooser/ad_resource_mgmt/views.py query id:4 username: hudandan
2010-09-28 17:38:48,357 INFO /usr/home/lhh/MediaChooser/../MediaChooser/ad_resource_mgmt/views.py query id:4 username: hudandan
2010-09-29 09:52:30,564 INFO /usr/home/lhh/MediaChooser/../MediaChooser/ad_resource_mgmt/views.py query id:4 username: hudandan
2010-09-29 09:59:07,825 INFO /usr/home/lhh/MediaChooser/../MediaChooser/ad_resource_mgmt/views.py query id:4 username: hudandan
2010-09-29 10:02:05,252 INFO /usr/home/lhh/MediaChooser/../MediaChooser/ad_resource_mgmt/views.py query id:4 username: hudandan
2010-09-29 14:49:31,927 INFO /usr/home/lhh/MediaChooser/../MediaChooser/ad_resource_mgmt/views.py query id:4 username: hudandan
2010-09-30 11:35:56,271 INFO /usr/home/lhh/MediaChooser/../MediaChooser/ad_resource_mgmt/views.py query id:4 username: hudandan
2010-09-30 11:56:12,861 INFO /usr/home/lhh/MediaChooser/../MediaChooser/ad_resource_mgmt/views.py query id:4 username: hudandan
2010-10-08 09:39:17,181 INFO /usr/home/lhh/MediaChooser/../MediaChooser/ad_resource_mgmt/views.py query id:4 username: hudandan
2010-10-09 10:27:46,886 INFO /usr/home/lhh/MediaChooser/../MediaChooser/ad_resource_mgmt/views.py query id:4 username: hudandan
2010-10-09 10:27:56,727 INFO /usr/home/lhh/MediaChooser/../MediaChooser/ad_resource_mgmt/views.py query id:4 username: hudandan
2010-10-09 14:40:26,789 INFO /usr/home/lhh/MediaChooser/../MediaChooser/ad_resource_mgmt/views.py query id:4 username: hudandan
2010-10-09 14:40:33,021 INFO /usr/home/lhh/MediaChooser/../MediaChooser/ad_resource_mgmt/views.py query id:4 username: hudandan
2010-10-11 09:55:15,290 INFO /usr/home/lhh/MediaChooser/../MediaChooser/ad_resource_mgmt/views.py query id:4 username: hudandan
2010-10-11 14:36:51,460 INFO /usr/home/lhh/MediaChooser/../MediaChooser/ad_resource_mgmt/views.py query id:4 username: hudandan
2010-10-11 14:37:09,214 INFO /usr/home/lhh/MediaChooser/../MediaChooser/ad_resource_mgmt/views.py query id:4 username: hudandan
2010-10-14 10:21:57,621 INFO /usr/home/lhh/MediaChooser/../MediaChooser/ad_resource_mgmt/views.py query id:4 username: hudandan
2010-10-14 10:22:03,487 INFO /usr/home/lhh/MediaChooser/../MediaChooser/ad_resource_mgmt/views.py query id:4 username: hudandan
2010-10-14 10:30:37,173 INFO /usr/home/lhh/MediaChooser/../MediaChooser/ad_resource_mgmt/views.py query id:4 username: hudandan
2010-10-14 10:50:59,848 INFO /usr/home/lhh/MediaChooser/../MediaChooser/ad_resource_mgmt/views.py query id:4 username: hudandan
2010-10-14 11:01:20,043 INFO /usr/home/lhh/MediaChooser/../MediaChooser/ad_resource_mgmt/views.py query id:4 username: hudandan
2010-10-14 11:40:35,123 INFO /usr/home/lhh/MediaChooser/../MediaChooser/ad_resource_mgmt/views.py query id:4 username: hudandan
2010-10-14 11:40:56,627 INFO /usr/home/lhh/MediaChooser/../MediaChooser/ad_resource_mgmt/views.py query id:4 username: hudandan
2010-10-14 11:41:00,398 INFO /usr/home/lhh/MediaChooser/../MediaChooser/ad_resource_mgmt/views.py query id:4 username: hudandan
2010-10-14 12:17:35,870 INFO /usr/home/lhh/MediaChooser/../MediaChooser/ad_resource_mgmt/views.py query id:4 username: hudandan
2010-10-14 12:17:41,846 INFO /usr/home/lhh/MediaChooser/../MediaChooser/ad_resource_mgmt/views.py query id:4 username: hudandan
2010-10-14 12:23:26,365 INFO /usr/home/lhh/MediaChooser/../MediaChooser/ad_resource_mgmt/views.py query id:4 username: hudandan
2010-10-14 12:23:31,687 INFO /usr/home/lhh/MediaChooser/../MediaChooser/ad_resource_mgmt/views.py query id:4 username: hudandan
2010-10-14 12:27:46,870 INFO /usr/home/lhh/MediaChooser/../MediaChooser/ad_resource_mgmt/views.py query id:4 username: hudandan
2010-10-14 12:28:02,747 INFO /usr/home/lhh/MediaChooser/../MediaChooser/ad_resource_mgmt/views.py query id:4 username: hudandan
2010-10-14 12:31:00,837 INFO /usr/home/lhh/MediaChooser/../MediaChooser/ad_resource_mgmt/views.py query id:4 username: hudandan
2010-10-14 12:31:07,095 INFO /usr/home/lhh/MediaChooser/../MediaChooser/ad_resource_mgmt/views.py query id:4 username: hudandan
2010-10-14 13:32:31,368 INFO /usr/home/lhh/MediaChooser/../MediaChooser/ad_resource_mgmt/views.py query id:4 username: hudandan
2010-10-14 13:35:30,047 INFO /usr/home/lhh/MediaChooser/../MediaChooser/ad_resource_mgmt/views.py query id:4 username: hudandan
2010-10-14 13:35:39,631 INFO /usr/home/lhh/MediaChooser/../MediaChooser/ad_resource_mgmt/views.py query id:4 username: hudandan
2010-10-14 13:38:21,034 INFO /usr/home/lhh/MediaChooser/../MediaChooser/ad_resource_mgmt/views.py query id:1 username: admin
2010-10-14 13:39:19,565 INFO /usr/home/lhh/MediaChooser/../MediaChooser/ad_resource_mgmt/views.py query id:1 username: admin
2010-10-14 13:39:28,542 INFO /usr/home/lhh/MediaChooser/../MediaChooser/ad_resource_mgmt/views.py query id:1 username: admin
2010-10-14 13:45:33,079 INFO /usr/home/lhh/MediaChooser/../MediaChooser/ad_resource_mgmt/views.py query id:1 username: admin
2010-10-14 13:57:49,171 INFO /usr/home/lhh/MediaChooser/../MediaChooser/ad_resource_mgmt/views.py query id:1 username: admin
2010-10-14 13:57:57,283 INFO /usr/home/lhh/MediaChooser/../MediaChooser/ad_resource_mgmt/views.py query id:1 username: admin
2010-10-14 16:02:16,264 INFO /usr/home/lhh/MediaChooser/../MediaChooser/ad_resource_mgmt/views.py query id:1 username: admin
2010-10-18 09:58:08,942 INFO /usr/home/lhh/MediaChooser/../MediaChooser/ad_resource_mgmt/views.py query id:1 username: admin
2010-10-18 09:58:48,107 INFO /usr/home/lhh/MediaChooser/../MediaChooser/ad_resource_mgmt/views.py query id:1 username: admin
2010-10-18 10:29:01,037 INFO /usr/home/lhh/MediaChooser/../MediaChooser/ad_resource_mgmt/views.py query id:1 username: admin
2010-10-18 13:58:23,119 INFO /usr/home/lhh/MediaChooser/../MediaChooser/ad_resource_mgmt/views.py query id:1 username: admin
2010-10-18 14:29:16,527 INFO /usr/home/lhh/MediaChooser/../MediaChooser/ad_resource_mgmt/views.py query id:1 username: admin
2010-10-18 15:45:47,716 INFO /usr/home/lhh/MediaChooser/../MediaChooser/ad_resource_mgmt/views.py query id:1 username: admin
2010-10-18 15:45:59,022 INFO /usr/home/lhh/MediaChooser/../MediaChooser/ad_resource_mgmt/views.py query id:1 username: admin
2010-10-19 09:43:15,609 INFO /usr/home/lhh/MediaChooser/../MediaChooser/ad_resource_mgmt/views.py query id:1 username: admin
2010-10-19 09:45:55,331 INFO /usr/home/lhh/MediaChooser/../MediaChooser/ad_resource_mgmt/views.py query id:1 username: admin
2010-10-19 10:31:51,435 INFO /usr/home/lhh/MediaChooser/../MediaChooser/ad_resource_mgmt/views.py query id:1 username: admin
2010-10-20 10:23:26,035 INFO /usr/home/lhh/MediaChooser/../MediaChooser/ad_resource_mgmt/views.py query id:1 username: admin
2010-10-21 14:43:41,836 INFO /usr/home/lhh/MediaChooser/../MediaChooser/ad_resource_mgmt/views.py query id:1 username: admin
2010-10-21 16:11:40,284 INFO /usr/home/lhh/MediaChooser/../MediaChooser/ad_resource_mgmt/views.py query id:1 username: admin
2010-10-21 16:35:14,953 INFO /usr/home/lhh/MediaChooser/../MediaChooser/ad_resource_mgmt/views.py query id:1 username: admin
2010-10-21 16:55:08,221 INFO /usr/home/lhh/MediaChooser/../MediaChooser/ad_resource_mgmt/views.py query id:1 username: admin
2010-10-21 17:11:56,082 INFO /usr/home/lhh/MediaChooser/../MediaChooser/ad_resource_mgmt/views.py query id:1 username: admin
2010-10-22 09:42:01,572 INFO /usr/home/lhh/MediaChooser/../MediaChooser/ad_resource_mgmt/views.py query id:1 username: admin
2010-10-25 13:55:53,115 INFO /usr/home/lhh/MediaChooser/../MediaChooser/ad_resource_mgmt/views.py query id:1 username: admin
2010-10-26 09:31:42,818 INFO /usr/home/lhh/MediaChooser/../MediaChooser/ad_resource_mgmt/views.py query id:1 username: admin
2010-10-26 16:47:05,390 INFO /usr/home/lhh/MediaChooser/../MediaChooser/ad_resource_mgmt/views.py query id:1 username: admin
2010-10-26 17:15:36,401 INFO /usr/home/lhh/MediaChooser/../MediaChooser/ad_resource_mgmt/views.py query id:1 username: admin
2010-10-27 09:47:50,736 INFO /usr/home/lhh/MediaChooser/../MediaChooser/ad_resource_mgmt/views.py query id:1 username: admin
2010-10-27 11:50:21,045 INFO /usr/home/lhh/MediaChooser/../MediaChooser/ad_resource_mgmt/views.py query id:1 username: admin
2010-10-28 10:27:23,184 INFO /usr/home/lhh/MediaChooser/../MediaChooser/ad_resource_mgmt/views.py query id:1 username: admin
2010-10-28 15:24:14,659 INFO /usr/home/lhh/MediaChooser/../MediaChooser/ad_resource_mgmt/views.py query id:4 username: hudandan
2010-10-28 16:21:33,657 INFO /usr/home/lhh/MediaChooser/../MediaChooser/ad_resource_mgmt/views.py query id:4 username: hudandan
2010-10-29 09:49:14,784 INFO /usr/home/lhh/MediaChooser/../MediaChooser/ad_resource_mgmt/views.py query id:4 username: hudandan
2010-10-29 14:20:37,877 INFO /usr/home/lhh/MediaChooser/../MediaChooser/ad_resource_mgmt/views.py query id:4 username: hudandan
2010-10-29 14:43:02,554 INFO /usr/home/lhh/MediaChooser/../MediaChooser/ad_resource_mgmt/views.py query id:1 username: admin
2010-10-29 14:43:37,729 INFO /usr/home/lhh/MediaChooser/../MediaChooser/ad_resource_mgmt/views.py query id:75 username: bingbing
2010-10-29 14:46:29,860 INFO /usr/home/lhh/MediaChooser/../MediaChooser/ad_resource_mgmt/views.py query id:75 username: bingbing
2010-10-29 14:47:25,427 INFO /usr/home/lhh/MediaChooser/../MediaChooser/ad_resource_mgmt/views.py query id:1 username: admin
2010-10-29 14:47:39,865 INFO /usr/home/lhh/MediaChooser/../MediaChooser/ad_resource_mgmt/views.py query id:75 username: bingbing
2010-10-29 14:59:57,804 INFO /usr/home/lhh/MediaChooser/../MediaChooser/ad_resource_mgmt/views.py query id:75 username: bingbing
2010-10-29 15:00:34,365 INFO /usr/home/lhh/MediaChooser/../MediaChooser/ad_resource_mgmt/views.py query id:31 username: niubing
2010-10-29 15:00:57,343 INFO /usr/home/lhh/MediaChooser/../MediaChooser/ad_resource_mgmt/views.py query id:31 username: niubing
2010-10-29 15:01:16,656 INFO /usr/home/lhh/MediaChooser/../MediaChooser/ad_resource_mgmt/views.py query id:75 username: bingbing
2010-10-29 15:02:19,887 INFO /usr/home/lhh/MediaChooser/../MediaChooser/ad_resource_mgmt/views.py query id:75 username: bingbing
2010-10-29 16:50:52,204 INFO /usr/home/lhh/MediaChooser/../MediaChooser/ad_resource_mgmt/views.py query id:1 username: admin
2010-10-29 16:51:11,415 INFO /usr/home/lhh/MediaChooser/../MediaChooser/ad_resource_mgmt/views.py query id:75 username: bingbing
2010-11-01 09:41:16,283 INFO /usr/home/lhh/MediaChooser/../MediaChooser/ad_resource_mgmt/views.py query id:75 username: bingbing
2010-11-01 10:03:28,291 INFO /usr/home/lhh/MediaChooser/../MediaChooser/ad_resource_mgmt/views.py query id:1 username: admin
2010-11-01 10:04:25,002 INFO /usr/home/lhh/MediaChooser/../MediaChooser/ad_resource_mgmt/views.py query id:4 username: hudandan
2010-11-01 10:04:47,299 INFO /usr/home/lhh/MediaChooser/../MediaChooser/ad_resource_mgmt/views.py query id:75 username: bingbing
2010-11-01 14:34:41,060 INFO /usr/home/lhh/MediaChooser/../MediaChooser/ad_resource_mgmt/views.py query id:1 username: admin
2010-11-01 15:07:03,163 INFO /usr/home/lhh/MediaChooser/../MediaChooser/ad_resource_mgmt/views.py query id:75 username: bingbing
2010-11-01 15:08:31,481 INFO /usr/home/lhh/MediaChooser/../MediaChooser/ad_resource_mgmt/views.py query id:75 username: bingbing
2010-11-01 15:14:20,897 INFO /usr/home/lhh/MediaChooser/../MediaChooser/ad_resource_mgmt/views.py query id:1 username: admin
2010-11-01 15:22:08,613 INFO /usr/home/lhh/MediaChooser/../MediaChooser/ad_resource_mgmt/views.py query id:75 username: bingbing
2010-11-01 15:54:26,444 INFO /usr/home/lhh/MediaChooser/../MediaChooser/ad_resource_mgmt/views.py query id:75 username: bingbing
2010-11-01 15:55:17,348 INFO /usr/home/lhh/MediaChooser/../MediaChooser/ad_resource_mgmt/views.py query id:1 username: admin
2010-11-02 10:57:31,351 INFO /usr/home/lhh/MediaChooser/../MediaChooser/ad_resource_mgmt/views.py query id:1 username: admin
2010-11-02 11:06:34,311 INFO /usr/home/lhh/MediaChooser/../MediaChooser/ad_resource_mgmt/views.py query id:1 username: admin
2010-11-02 13:37:54,566 INFO /usr/home/lhh/MediaChooser/../MediaChooser/ad_resource_mgmt/views.py query id:1 username: admin
2010-11-02 13:38:58,516 INFO /usr/home/lhh/MediaChooser/../MediaChooser/ad_resource_mgmt/views.py query id:1 username: admin
2010-11-02 13:39:33,527 INFO /usr/home/lhh/MediaChooser/../MediaChooser/ad_resource_mgmt/views.py query id:1 username: admin
2010-11-03 10:12:39,574 INFO /usr/home/lhh/MediaChooser/../MediaChooser/ad_resource_mgmt/views.py query id:1 username: admin
2010-11-03 13:38:52,069 INFO /usr/home/lhh/MediaChooser/../MediaChooser/ad_resource_mgmt/views.py query id:1 username: admin
2010-11-03 13:39:05,167 INFO /usr/home/lhh/MediaChooser/../MediaChooser/ad_resource_mgmt/views.py query id:1 username: admin
2010-11-03 13:41:47,113 INFO /usr/home/lhh/MediaChooser/../MediaChooser/ad_resource_mgmt/views.py query id:1 username: admin
2010-11-04 13:34:26,081 INFO /usr/home/lhh/MediaChooser/../MediaChooser/ad_resource_mgmt/views.py query id:1 username: admin
2010-11-04 13:34:31,636 INFO /usr/home/lhh/MediaChooser/../MediaChooser/ad_resource_mgmt/views.py query id:1 username: admin
2010-11-04 13:34:35,668 INFO /usr/home/lhh/MediaChooser/../MediaChooser/ad_resource_mgmt/views.py query id:1 username: admin
2010-11-04 13:34:42,524 INFO /usr/home/lhh/MediaChooser/../MediaChooser/ad_resource_mgmt/views.py query id:1 username: admin
2010-11-04 18:01:24,025 INFO /usr/home/lhh/MediaChooser/../MediaChooser/ad_resource_mgmt/views.py query id:1 username: admin
2010-11-04 18:03:07,789 INFO /usr/home/lhh/MediaChooser/../MediaChooser/ad_resource_mgmt/views.py query id:1 username: admin
2010-11-04 18:10:14,290 INFO /usr/home/lhh/MediaChooser/../MediaChooser/ad_resource_mgmt/views.py query id:1 username: admin
2010-11-04 18:11:41,228 INFO /usr/home/lhh/MediaChooser/../MediaChooser/ad_resource_mgmt/views.py query id:1 username: admin
2010-11-05 10:24:08,617 INFO /usr/home/lhh/MediaChooser/../MediaChooser/ad_resource_mgmt/views.py query id:1 username: admin
2010-11-05 14:15:07,053 INFO /usr/home/lhh/MediaChooser/../MediaChooser/ad_resource_mgmt/views.py query id:1 username: admin
2010-11-05 14:15:36,045 INFO /usr/home/lhh/MediaChooser/../MediaChooser/ad_resource_mgmt/views.py query id:75 username: bingbing
2010-11-05 14:15:49,719 INFO /usr/home/lhh/MediaChooser/../MediaChooser/ad_resource_mgmt/views.py query id:75 username: bingbing
2010-11-05 14:17:32,629 INFO /usr/home/lhh/MediaChooser/../MediaChooser/ad_resource_mgmt/views.py query id:75 username: bingbing
2010-11-05 14:20:43,427 INFO /usr/home/lhh/MediaChooser/../MediaChooser/ad_resource_mgmt/views.py query id:75 username: bingbing
2010-11-05 15:17:43,230 INFO /usr/home/lhh/MediaChooser/../MediaChooser/ad_resource_mgmt/views.py query id:1 username: admin
2010-11-05 15:26:14,333 INFO /usr/home/lhh/MediaChooser/../MediaChooser/ad_resource_mgmt/views.py query id:1 username: admin
2010-11-05 15:39:24,738 INFO /usr/home/lhh/MediaChooser/../MediaChooser/ad_resource_mgmt/views.py query id:4 username: hudandan
2010-11-05 15:42:23,814 INFO /usr/home/lhh/MediaChooser/../MediaChooser/ad_resource_mgmt/views.py query id:1 username: admin
2010-11-05 15:43:01,615 INFO /usr/home/lhh/MediaChooser/../MediaChooser/ad_resource_mgmt/views.py query id:1 username: admin
2010-11-05 15:45:55,462 INFO /usr/home/lhh/MediaChooser/../MediaChooser/ad_resource_mgmt/views.py query id:1 username: admin
2010-11-05 16:55:42,890 INFO /usr/home/lhh/MediaChooser/../MediaChooser/ad_resource_mgmt/views.py query id:1 username: admin
2010-11-08 09:44:08,770 INFO /usr/home/lhh/MediaChooser/../MediaChooser/ad_resource_mgmt/views.py query id:1 username: admin
2010-11-08 11:11:00,505 INFO /usr/home/lhh/MediaChooser/../MediaChooser/ad_resource_mgmt/views.py query id:1 username: admin
2010-11-08 11:18:39,217 INFO /usr/home/lhh/MediaChooser/../MediaChooser/ad_resource_mgmt/views.py query id:1 username: admin
2010-11-08 11:27:41,637 INFO /usr/home/lhh/MediaChooser/../MediaChooser/ad_resource_mgmt/views.py query id:1 username: admin
2010-11-08 15:36:23,046 INFO /usr/home/lhh/MediaChooser/../MediaChooser/ad_resource_mgmt/views.py query id:1 username: admin
2010-11-09 09:35:01,790 INFO /usr/home/lhh/MediaChooser/../MediaChooser/ad_resource_mgmt/views.py query id:1 username: admin
2010-11-09 10:13:55,085 INFO /usr/home/lhh/MediaChooser/../MediaChooser/ad_resource_mgmt/views.py query id:75 username: bingbing
2010-11-09 10:31:13,424 INFO /usr/home/lhh/MediaChooser/../MediaChooser/ad_resource_mgmt/views.py query id:1 username: admin
2010-11-09 10:31:31,168 INFO /usr/home/lhh/MediaChooser/../MediaChooser/ad_resource_mgmt/views.py query id:1 username: admin
2010-11-09 10:34:43,473 INFO /usr/home/lhh/MediaChooser/../MediaChooser/ad_resource_mgmt/views.py query id:1 username: admin
2010-11-09 12:30:51,696 INFO /usr/home/lhh/MediaChooser/../MediaChooser/ad_resource_mgmt/views.py query id:4 username: hudandan
2010-11-09 12:30:59,492 INFO /usr/home/lhh/MediaChooser/../MediaChooser/ad_resource_mgmt/views.py query id:4 username: hudandan
2010-11-09 12:36:22,666 INFO /usr/home/lhh/MediaChooser/../MediaChooser/ad_resource_mgmt/views.py query id:4 username: hudandan
2010-11-09 14:32:33,059 INFO /usr/home/lhh/MediaChooser/../MediaChooser/ad_resource_mgmt/views.py query id:4 username: hudandan
2010-11-09 16:24:34,072 INFO /usr/home/lhh/MediaChooser/../MediaChooser/ad_resource_mgmt/views.py query id:75 username: bingbing
2010-11-10 09:31:11,303 INFO /usr/home/lhh/MediaChooser/../MediaChooser/ad_resource_mgmt/views.py query id:4 username: hudandan
2010-11-10 09:34:07,900 INFO /usr/home/lhh/MediaChooser/../MediaChooser/ad_resource_mgmt/views.py query id:1 username: admin
2010-11-10 11:08:25,263 INFO /usr/home/lhh/MediaChooser/../MediaChooser/ad_resource_mgmt/views.py query id:4 username: hudandan
2010-11-10 11:09:08,321 INFO /usr/home/lhh/MediaChooser/../MediaChooser/ad_resource_mgmt/views.py query id:4 username: hudandan
2010-11-10 11:29:52,787 INFO /usr/home/lhh/MediaChooser/../MediaChooser/ad_resource_mgmt/views.py query id:1 username: admin
2010-11-10 12:04:37,649 INFO /usr/home/lhh/MediaChooser/../MediaChooser/ad_resource_mgmt/views.py query id:1 username: admin
2010-11-10 14:01:48,358 INFO /usr/home/lhh/MediaChooser/../MediaChooser/ad_resource_mgmt/views.py query id:1 username: admin
2010-11-10 15:34:14,227 INFO /usr/home/lhh/MediaChooser/../MediaChooser/ad_resource_mgmt/views.py query id:1 username: admin
2010-11-11 09:55:03,125 INFO /usr/home/lhh/MediaChooser/../MediaChooser/ad_resource_mgmt/views.py query id:1 username: admin
2010-11-11 09:55:16,863 INFO /usr/home/lhh/MediaChooser/../MediaChooser/ad_resource_mgmt/views.py query id:1 username: admin
2010-11-11 11:00:11,381 INFO /usr/home/lhh/MediaChooser/../MediaChooser/ad_resource_mgmt/views.py query id:4 username: hudandan
2010-11-11 11:00:17,590 INFO /usr/home/lhh/MediaChooser/../MediaChooser/ad_resource_mgmt/views.py query id:4 username: hudandan
2010-11-11 11:12:30,256 INFO /usr/home/lhh/MediaChooser/../MediaChooser/ad_resource_mgmt/views.py query id:4 username: hudandan
2010-11-11 11:12:33,707 INFO /usr/home/lhh/MediaChooser/../MediaChooser/ad_resource_mgmt/views.py query id:4 username: hudandan
2010-11-11 11:13:16,829 INFO /usr/home/lhh/MediaChooser/../MediaChooser/ad_resource_mgmt/views.py query id:4 username: hudandan
2010-11-11 11:13:20,580 INFO /usr/home/lhh/MediaChooser/../MediaChooser/ad_resource_mgmt/views.py query id:4 username: hudandan
2010-11-11 11:35:29,864 INFO /usr/home/lhh/MediaChooser/../MediaChooser/ad_resource_mgmt/views.py query id:1 username: admin
2010-11-11 11:56:48,496 INFO /usr/home/lhh/MediaChooser/../MediaChooser/ad_resource_mgmt/views.py query id:1 username: admin
2010-11-11 11:56:53,245 INFO /usr/home/lhh/MediaChooser/../MediaChooser/ad_resource_mgmt/views.py query id:1 username: admin
2010-11-11 14:01:05,774 INFO /usr/home/lhh/MediaChooser/../MediaChooser/ad_resource_mgmt/views.py query id:1 username: admin
2010-11-11 14:01:12,123 INFO /usr/home/lhh/MediaChooser/../MediaChooser/ad_resource_mgmt/views.py query id:1 username: admin
2010-11-11 15:11:55,587 INFO /usr/home/lhh/MediaChooser/../MediaChooser/ad_resource_mgmt/views.py query id:1 username: admin
2010-11-11 15:12:01,412 INFO /usr/home/lhh/MediaChooser/../MediaChooser/ad_resource_mgmt/views.py query id:1 username: admin
2010-11-11 16:03:39,887 INFO /usr/home/lhh/MediaChooser/../MediaChooser/ad_resource_mgmt/views.py query id:1 username: admin
2010-11-11 16:06:40,555 INFO /usr/home/lhh/MediaChooser/../MediaChooser/ad_resource_mgmt/views.py query id:4 username: hudandan
2010-11-11 16:07:40,312 INFO /usr/home/lhh/MediaChooser/../MediaChooser/ad_resource_mgmt/views.py query id:1 username: admin
2010-11-11 16:07:45,745 INFO /usr/home/lhh/MediaChooser/../MediaChooser/ad_resource_mgmt/views.py query id:1 username: admin
2010-11-11 16:08:47,752 INFO /usr/home/lhh/MediaChooser/../MediaChooser/ad_resource_mgmt/views.py query id:1 username: admin
2010-11-11 16:11:44,514 INFO /usr/home/lhh/MediaChooser/../MediaChooser/ad_resource_mgmt/views.py query id:4 username: hudandan
2010-11-11 16:11:49,839 INFO /usr/home/lhh/MediaChooser/../MediaChooser/ad_resource_mgmt/views.py query id:4 username: hudandan
2010-11-11 17:29:38,167 INFO /usr/home/lhh/MediaChooser/../MediaChooser/ad_resource_mgmt/views.py query id:4 username: hudandan
2010-11-12 09:38:55,280 INFO /usr/home/lhh/MediaChooser/../MediaChooser/ad_resource_mgmt/views.py query id:4 username: hudandan
2010-11-12 09:39:01,173 INFO /usr/home/lhh/MediaChooser/../MediaChooser/ad_resource_mgmt/views.py query id:4 username: hudandan
2010-11-12 09:39:07,779 INFO /usr/home/lhh/MediaChooser/../MediaChooser/ad_resource_mgmt/views.py query id:4 username: hudandan
2010-11-12 09:55:29,138 INFO /usr/home/lhh/MediaChooser/../MediaChooser/ad_resource_mgmt/views.py query id:4 username: hudandan
2010-11-12 09:55:34,983 INFO /usr/home/lhh/MediaChooser/../MediaChooser/ad_resource_mgmt/views.py query id:4 username: hudandan
2010-11-12 16:03:05,434 INFO /usr/home/lhh/MediaChooser/../MediaChooser/ad_resource_mgmt/views.py query id:4 username: hudandan
2010-11-12 16:03:10,500 INFO /usr/home/lhh/MediaChooser/../MediaChooser/ad_resource_mgmt/views.py query id:4 username: hudandan
2010-11-12 16:24:34,189 INFO /usr/home/lhh/MediaChooser/../MediaChooser/ad_resource_mgmt/views.py query id:4 username: hudandan
2010-11-15 09:45:57,263 INFO /usr/home/lhh/MediaChooser/../MediaChooser/ad_resource_mgmt/views.py query id:4 username: hudandan
2010-11-15 09:46:17,511 INFO /usr/home/lhh/MediaChooser/../MediaChooser/ad_resource_mgmt/views.py query id:4 username: hudandan
2010-11-15 10:31:13,122 INFO /usr/home/lhh/MediaChooser/../MediaChooser/ad_resource_mgmt/views.py query id:4 username: hudandan
2010-11-15 10:33:08,207 INFO /usr/home/lhh/MediaChooser/../MediaChooser/ad_resource_mgmt/views.py query id:4 username: hudandan
2010-11-15 11:30:17,530 INFO /usr/home/lhh/MediaChooser/../MediaChooser/ad_resource_mgmt/views.py query id:1 username: admin
2010-11-15 11:32:45,246 INFO /usr/home/lhh/MediaChooser/../MediaChooser/ad_resource_mgmt/views.py query id:1 username: admin
2010-11-15 11:38:46,432 INFO /usr/home/lhh/MediaChooser/../MediaChooser/ad_resource_mgmt/views.py query id:1 username: admin
2010-11-15 11:45:05,945 INFO /usr/home/lhh/MediaChooser/../MediaChooser/ad_resource_mgmt/views.py query id:1 username: admin
2010-11-15 11:45:08,436 INFO /usr/home/lhh/MediaChooser/../MediaChooser/ad_resource_mgmt/views.py query id:1 username: admin
2010-11-15 11:45:13,868 INFO /usr/home/lhh/MediaChooser/../MediaChooser/ad_resource_mgmt/views.py query id:1 username: admin
2010-11-15 14:29:23,173 INFO /usr/home/lhh/MediaChooser/../MediaChooser/ad_resource_mgmt/views.py query id:4 username: hudandan
2010-11-15 14:38:11,235 INFO /usr/home/lhh/MediaChooser/../MediaChooser/ad_resource_mgmt/views.py query id:1 username: admin
2010-11-15 14:47:03,832 INFO /usr/home/lhh/MediaChooser/../MediaChooser/ad_resource_mgmt/views.py query id:1 username: admin
2010-11-15 14:47:10,845 INFO /usr/home/lhh/MediaChooser/../MediaChooser/ad_resource_mgmt/views.py query id:1 username: admin
2010-11-15 14:50:53,048 INFO /usr/home/lhh/MediaChooser/../MediaChooser/ad_resource_mgmt/views.py query id:4 username: hudandan
2010-11-15 15:37:44,715 INFO /usr/home/lhh/MediaChooser/../MediaChooser/ad_resource_mgmt/views.py query id:4 username: hudandan
2010-11-15 18:03:54,425 INFO /usr/home/lhh/MediaChooser/../MediaChooser/ad_resource_mgmt/views.py query id:4 username: hudandan
2010-11-16 09:39:14,688 INFO /usr/home/lhh/MediaChooser/../MediaChooser/ad_resource_mgmt/views.py query id:4 username: hudandan
2010-11-16 09:39:23,318 INFO /usr/home/lhh/MediaChooser/../MediaChooser/ad_resource_mgmt/views.py query id:4 username: hudandan
2010-11-16 09:39:27,933 INFO /usr/home/lhh/MediaChooser/../MediaChooser/ad_resource_mgmt/views.py query id:4 username: hudandan
2010-11-16 10:25:49,602 INFO /usr/home/lhh/MediaChooser/../MediaChooser/ad_resource_mgmt/views.py query id:4 username: hudandan
2010-11-16 10:25:55,820 INFO /usr/home/lhh/MediaChooser/../MediaChooser/ad_resource_mgmt/views.py query id:4 username: hudandan
2010-11-17 10:21:41,143 INFO /usr/home/lhh/MediaChooser/../MediaChooser/ad_resource_mgmt/views.py query id:4 username: hudandan
2010-11-17 11:51:40,909 INFO /usr/home/lhh/MediaChooser/../MediaChooser/ad_resource_mgmt/views.py query id:4 username: hudandan
2010-11-17 11:51:46,379 INFO /usr/home/lhh/MediaChooser/../MediaChooser/ad_resource_mgmt/views.py query id:4 username: hudandan
2010-11-17 14:22:29,214 INFO /usr/home/lhh/MediaChooser/../MediaChooser/ad_resource_mgmt/views.py query id:4 username: hudandan
2010-11-17 14:24:37,097 INFO /usr/home/lhh/MediaChooser/../MediaChooser/ad_resource_mgmt/views.py query id:4 username: hudandan
2010-11-18 09:31:17,662 INFO /usr/home/lhh/MediaChooser/../MediaChooser/ad_resource_mgmt/views.py query id:4 username: hudandan
2010-11-19 15:46:16,411 INFO /usr/home/lhh/MediaChooser/../MediaChooser/ad_resource_mgmt/views.py query id:4 username: hudandan
2010-11-19 15:46:25,316 INFO /usr/home/lhh/MediaChooser/../MediaChooser/ad_resource_mgmt/views.py query id:4 username: hudandan
2010-11-19 15:46:32,065 INFO /usr/home/lhh/MediaChooser/../MediaChooser/ad_resource_mgmt/views.py query id:4 username: hudandan
2010-11-22 14:11:47,522 INFO /usr/home/lhh/MediaChooser/../MediaChooser/ad_resource_mgmt/views.py query id:4 username: hudandan
2010-11-22 14:18:02,834 INFO /usr/home/lhh/MediaChooser/../MediaChooser/ad_resource_mgmt/views.py query id:4 username: hudandan
2010-11-22 14:25:08,158 INFO /usr/home/lhh/MediaChooser/../MediaChooser/ad_resource_mgmt/views.py query id:1 username: admin
2010-11-22 14:37:18,657 INFO /usr/home/lhh/MediaChooser/../MediaChooser/ad_resource_mgmt/views.py query id:1 username: admin
2010-11-22 15:34:39,086 INFO /usr/home/lhh/MediaChooser/../MediaChooser/ad_resource_mgmt/views.py query id:1 username: admin
2010-11-22 15:34:47,564 INFO /usr/home/lhh/MediaChooser/../MediaChooser/ad_resource_mgmt/views.py query id:1 username: admin
2010-11-22 15:35:34,646 INFO /usr/home/lhh/MediaChooser/../MediaChooser/ad_resource_mgmt/views.py query id:1 username: admin
2010-11-23 09:46:08,005 INFO /usr/home/lhh/MediaChooser/../MediaChooser/ad_resource_mgmt/views.py query id:1 username: admin
2010-11-23 10:58:41,001 INFO /usr/home/lhh/MediaChooser/../MediaChooser/ad_resource_mgmt/views.py query id:1 username: admin
2010-11-23 10:59:28,022 INFO /usr/home/lhh/MediaChooser/../MediaChooser/ad_resource_mgmt/views.py query id:1 username: admin
2010-11-23 11:00:38,030 INFO /usr/home/lhh/MediaChooser/../MediaChooser/ad_resource_mgmt/views.py query id:1 username: admin
2010-11-24 09:43:11,418 INFO /usr/home/lhh/MediaChooser/../MediaChooser/ad_resource_mgmt/views.py query id:1 username: admin
2010-11-24 15:29:45,619 INFO /usr/home/lhh/MediaChooser/../MediaChooser/ad_resource_mgmt/views.py query id:1 username: admin
2010-11-24 15:56:30,007 INFO /usr/home/lhh/MediaChooser/../MediaChooser/ad_resource_mgmt/views.py query id:1 username: admin
2010-11-24 15:56:33,918 INFO /usr/home/lhh/MediaChooser/../MediaChooser/ad_resource_mgmt/views.py query id:1 username: admin
2010-11-24 15:57:08,065 INFO /usr/home/lhh/MediaChooser/../MediaChooser/ad_resource_mgmt/views.py query id:1 username: admin
2010-11-24 15:57:09,984 INFO /usr/home/lhh/MediaChooser/../MediaChooser/ad_resource_mgmt/views.py query id:1 username: admin
2010-11-24 16:08:51,046 INFO /usr/home/lhh/MediaChooser/../MediaChooser/ad_resource_mgmt/views.py query id:1 username: admin
2010-11-24 16:41:03,705 INFO /usr/home/lhh/MediaChooser/../MediaChooser/ad_resource_mgmt/views.py query id:1 username: admin
2010-11-24 16:46:43,692 INFO /usr/home/lhh/MediaChooser/../MediaChooser/ad_resource_mgmt/views.py query id:1 username: admin
2010-11-25 09:44:11,954 INFO /usr/home/lhh/MediaChooser/../MediaChooser/ad_resource_mgmt/views.py query id:1 username: admin
2010-11-25 16:16:35,286 INFO /usr/home/lhh/MediaChooser/../MediaChooser/ad_resource_mgmt/views.py query id:1 username: admin
2010-11-25 16:17:46,868 INFO /usr/home/lhh/MediaChooser/../MediaChooser/ad_resource_mgmt/views.py query id:1 username: admin
2010-11-25 16:18:14,852 INFO /usr/home/lhh/MediaChooser/../MediaChooser/ad_resource_mgmt/views.py query id:1 username: admin
2010-11-25 16:19:19,092 INFO /usr/home/lhh/MediaChooser/../MediaChooser/ad_resource_mgmt/views.py query id:1 username: admin
2010-11-26 09:47:08,723 INFO /usr/home/lhh/MediaChooser/../MediaChooser/ad_resource_mgmt/views.py query id:1 username: admin
2010-11-29 10:05:39,011 INFO /usr/home/lhh/MediaChooser/../MediaChooser/ad_resource_mgmt/views.py query id:1 username: admin
2010-11-29 18:00:21,826 INFO /usr/home/lhh/MediaChooser/../MediaChooser/ad_resource_mgmt/views.py query id:1 username: admin
2010-11-29 18:08:13,895 INFO /usr/home/lhh/MediaChooser/../MediaChooser/ad_resource_mgmt/views.py query id:4 username: hudandan
2010-11-29 18:09:09,803 INFO /usr/home/lhh/MediaChooser/../MediaChooser/ad_resource_mgmt/views.py query id:4 username: hudandan
2010-11-30 15:58:19,657 INFO /usr/home/lhh/MediaChooser/../MediaChooser/ad_resource_mgmt/views.py query id:4 username: hudandan
2010-11-30 15:58:20,011 INFO /usr/home/lhh/MediaChooser/../MediaChooser/ad_resource_mgmt/views.py query id:4 username: hudandan
2010-11-30 15:59:11,449 INFO /usr/home/lhh/MediaChooser/../MediaChooser/ad_resource_mgmt/views.py query id:75 username: bingbing
2010-11-30 16:00:13,294 INFO /usr/home/lhh/MediaChooser/../MediaChooser/ad_resource_mgmt/views.py query id:75 username: bingbing
2010-11-30 16:30:43,027 INFO /usr/home/lhh/MediaChooser/../MediaChooser/ad_resource_mgmt/views.py query id:75 username: bingbing
2010-11-30 16:39:06,633 INFO /usr/home/lhh/MediaChooser/../MediaChooser/ad_resource_mgmt/views.py query id:75 username: bingbing
2010-12-01 11:25:21,015 INFO /usr/home/lhh/MediaChooser/../MediaChooser/ad_resource_mgmt/views.py query id:75 username: bingbing
2010-12-01 11:25:32,828 INFO /usr/home/lhh/MediaChooser/../MediaChooser/ad_resource_mgmt/views.py query id:75 username: bingbing
2010-12-01 11:25:39,508 INFO /usr/home/lhh/MediaChooser/../MediaChooser/ad_resource_mgmt/views.py query id:75 username: bingbing
2010-12-01 11:28:36,388 INFO /usr/home/lhh/MediaChooser/../MediaChooser/ad_resource_mgmt/views.py query id:75 username: bingbing
2010-12-01 11:28:36,623 INFO /usr/home/lhh/MediaChooser/../MediaChooser/ad_resource_mgmt/views.py query id:75 username: bingbing
2010-12-01 11:31:14,848 INFO /usr/home/lhh/MediaChooser/../MediaChooser/ad_resource_mgmt/views.py query id:75 username: bingbing
2010-12-01 17:23:18,981 INFO /usr/home/lhh/MediaChooser/../MediaChooser/ad_resource_mgmt/views.py query id:75 username: bingbing
2010-12-01 17:23:48,167 INFO /usr/home/lhh/MediaChooser/../MediaChooser/ad_resource_mgmt/views.py query id:75 username: bingbing
2010-12-02 15:33:51,229 INFO /usr/home/lhh/MediaChooser/../MediaChooser/ad_resource_mgmt/views.py query id:75 username: bingbing
2010-12-06 17:27:45,270 INFO /usr/home/lhh/MediaChooser/../MediaChooser/ad_resource_mgmt/views.py query id:75 username: bingbing
2010-12-07 10:25:19,884 INFO /usr/home/lhh/MediaChooser/../MediaChooser/ad_resource_mgmt/views.py query id:4 username: hudandan
2010-12-07 11:01:28,374 INFO /usr/home/lhh/MediaChooser/../MediaChooser/ad_resource_mgmt/views.py query id:75 username: bingbing
2010-12-07 11:29:18,660 INFO /usr/home/lhh/MediaChooser/../MediaChooser/ad_resource_mgmt/views.py query id:75 username: bingbing
2010-12-07 11:53:50,089 INFO /usr/home/lhh/MediaChooser/../MediaChooser/ad_resource_mgmt/views.py query id:75 username: bingbing
2010-12-07 12:02:55,495 INFO /usr/home/lhh/MediaChooser/../MediaChooser/ad_resource_mgmt/views.py query id:75 username: bingbing
2010-12-07 14:06:05,522 INFO /usr/home/lhh/MediaChooser/../MediaChooser/ad_resource_mgmt/views.py query id:75 username: bingbing
2010-12-08 14:56:39,519 INFO /usr/home/lhh/MediaChooser/../MediaChooser/ad_resource_mgmt/views.py query id:75 username: bingbing
2010-12-09 10:17:12,097 INFO /usr/home/lhh/MediaChooser/../MediaChooser/ad_resource_mgmt/views.py query id:75 username: bingbing
2010-12-15 11:31:26,980 INFO /usr/home/lhh/MediaChooser/../MediaChooser/ad_resource_mgmt/views.py query id:75 username: bingbing
2010-12-22 10:30:38,445 INFO /usr/home/lhh/MediaChooser/../MediaChooser/ad_resource_mgmt/views.py query id:4 username: hudandan
2010-12-22 10:31:00,445 INFO /usr/home/lhh/MediaChooser/../MediaChooser/ad_resource_mgmt/views.py query id:75 username: bingbing
2010-12-22 11:25:50,808 INFO /usr/home/lhh/MediaChooser/../MediaChooser/ad_resource_mgmt/views.py query id:75 username: bingbing
2010-12-22 13:58:03,706 INFO /usr/home/lhh/MediaChooser/../MediaChooser/ad_resource_mgmt/views.py query id:75 username: bingbing
2010-12-28 17:23:26,275 INFO /usr/home/lhh/MediaChooser/../MediaChooser/ad_resource_mgmt/views.py query id:75 username: bingbing
2010-12-30 11:41:26,507 INFO /usr/home/lhh/MediaChooser/../MediaChooser/ad_resource_mgmt/views.py query id:75 username: bingbing
2010-12-30 17:19:03,926 INFO /usr/home/lhh/MediaChooser/../MediaChooser/pr/views.py list_whole_media_resource send succfully
2010-12-30 17:19:07,878 INFO /usr/home/lhh/MediaChooser/../MediaChooser/pr/views.py list_whole_media_resource send succfully
2010-12-30 17:19:11,927 INFO /usr/home/lhh/MediaChooser/../MediaChooser/pr/views.py list_whole_media_resource send succfully
2010-12-30 17:22:31,285 INFO /usr/home/lhh/MediaChooser/../MediaChooser/pr/views.py list_whole_media_resource send succfully
2010-12-30 17:22:35,271 INFO /usr/home/lhh/MediaChooser/../MediaChooser/pr/views.py list_whole_media_resource send succfully
2011-01-04 16:11:26,540 INFO /usr/home/lhh/MediaChooser/../MediaChooser/ad_resource_mgmt/views.py query id:75 username: bingbing
2011-01-05 11:07:56,767 INFO /usr/home/lhh/MediaChooser/../MediaChooser/ad_resource_mgmt/views.py query id:75 username: bingbing
2011-01-11 10:23:55,913 INFO /usr/home/lhh/MediaChooser/../MediaChooser/ad_resource_mgmt/views.py query id:75 username: bingbing
2011-01-11 10:27:20,937 INFO /usr/home/lhh/MediaChooser/../MediaChooser/ad_resource_mgmt/views.py query id:75 username: bingbing
2011-01-11 11:09:06,961 INFO /usr/home/lhh/MediaChooser/../MediaChooser/ad_resource_mgmt/views.py query id:75 username: bingbing
2011-01-11 11:10:17,654 INFO /usr/home/lhh/MediaChooser/../MediaChooser/ad_resource_mgmt/views.py query id:75 username: bingbing
2011-01-11 16:49:19,866 INFO /usr/home/lhh/MediaChooser/../MediaChooser/ad_resource_mgmt/views.py query id:75 username: bingbing
2011-01-12 11:30:08,966 INFO /usr/home/lhh/MediaChooser/../MediaChooser/ad_resource_mgmt/views.py query id:75 username: bingbing
2011-01-13 16:53:44,741 INFO /usr/home/lhh/MediaChooser/../MediaChooser/ad_resource_mgmt/views.py query id:75 username: bingbing
2011-01-17 16:35:15,459 INFO /usr/home/lhh/MediaChooser/../MediaChooser/ad_resource_mgmt/views.py query id:75 username: bingbing
2011-01-17 16:38:16,602 INFO /usr/home/lhh/MediaChooser/../MediaChooser/ad_resource_mgmt/views.py query id:1 username: admin
2011-01-17 16:38:35,918 INFO /usr/home/lhh/MediaChooser/../MediaChooser/ad_resource_mgmt/views.py query id:4 username: hudandan
2011-01-17 16:41:10,583 INFO /usr/home/lhh/MediaChooser/../MediaChooser/ad_resource_mgmt/views.py query id:4 username: hudandan
2011-01-17 16:44:05,024 INFO /usr/home/lhh/MediaChooser/../MediaChooser/ad_resource_mgmt/views.py query id:75 username: bingbing
2011-01-17 18:40:07,351 INFO /usr/home/lhh/MediaChooser/../MediaChooser/ad_resource_mgmt/views.py query id:4 username: hudandan
2011-01-17 18:40:34,093 INFO /usr/home/lhh/MediaChooser/../MediaChooser/ad_resource_mgmt/views.py query id:4 username: hudandan
2011-01-17 18:41:00,284 INFO /usr/home/lhh/MediaChooser/../MediaChooser/ad_resource_mgmt/views.py query id:4 username: hudandan
2011-03-04 15:20:52,124 INFO /usr/home/lhh/MediaChooser/../MediaChooser/ad_resource_mgmt/views.py query id:4 username: hudandan
2011-03-04 15:22:17,501 INFO /usr/home/lhh/MediaChooser/../MediaChooser/ad_resource_mgmt/views.py query id:4 username: hudandan
2011-03-04 15:22:25,456 INFO /usr/home/lhh/MediaChooser/../MediaChooser/ad_resource_mgmt/views.py query id:4 username: hudandan
2011-03-04 15:23:08,575 INFO /usr/home/lhh/MediaChooser/../MediaChooser/ad_resource_mgmt/views.py query id:4 username: hudandan
2011-03-04 15:24:40,658 INFO /usr/home/lhh/MediaChooser/../MediaChooser/ad_resource_mgmt/views.py query id:4 username: hudandan
2011-03-04 15:33:37,661 INFO /usr/home/lhh/MediaChooser/../MediaChooser/ad_resource_mgmt/views.py query id:4 username: hudandan
2011-03-04 15:33:57,707 INFO /usr/home/lhh/MediaChooser/../MediaChooser/ad_resource_mgmt/views.py query id:4 username: hudandan
2011-03-04 15:34:01,223 INFO /usr/home/lhh/MediaChooser/../MediaChooser/ad_resource_mgmt/views.py query id:4 username: hudandan
2011-03-04 15:35:33,079 INFO /usr/home/lhh/MediaChooser/../MediaChooser/ad_resource_mgmt/views.py query id:4 username: hudandan
2011-03-04 15:48:01,370 INFO /usr/home/lhh/MediaChooser/../MediaChooser/ad_resource_mgmt/views.py query id:4 username: hudandan
2011-03-04 15:48:07,494 INFO /usr/home/lhh/MediaChooser/../MediaChooser/ad_resource_mgmt/views.py query id:4 username: hudandan
2011-03-04 15:48:40,472 INFO /usr/home/lhh/MediaChooser/../MediaChooser/ad_resource_mgmt/views.py query id:4 username: hudandan
2011-03-04 16:38:51,063 INFO /usr/home/lhh/MediaChooser/../MediaChooser/ad_resource_mgmt/views.py query id:4 username: hudandan
2011-03-04 16:38:52,299 INFO /usr/home/lhh/MediaChooser/../MediaChooser/ad_resource_mgmt/views.py query id:4 username: hudandan
2011-03-04 16:39:06,285 INFO /usr/home/lhh/MediaChooser/../MediaChooser/ad_resource_mgmt/views.py query id:4 username: hudandan
2011-03-04 16:39:16,877 INFO /usr/home/lhh/MediaChooser/../MediaChooser/ad_resource_mgmt/views.py query id:4 username: hudandan
2011-03-07 09:44:39,359 INFO /usr/home/lhh/MediaChooser/../MediaChooser/ad_resource_mgmt/views.py query id:4 username: hudandan
2011-03-07 09:52:45,397 INFO /usr/home/lhh/MediaChooser/../MediaChooser/ad_resource_mgmt/views.py query id:4 username: hudandan
2011-03-07 09:53:21,121 INFO /usr/home/lhh/MediaChooser/../MediaChooser/ad_resource_mgmt/views.py query id:4 username: hudandan
2011-03-07 09:53:35,644 INFO /usr/home/lhh/MediaChooser/../MediaChooser/ad_resource_mgmt/views.py query id:4 username: hudandan
2011-03-07 09:53:48,034 INFO /usr/home/lhh/MediaChooser/../MediaChooser/ad_resource_mgmt/views.py query id:4 username: hudandan
2011-03-07 10:43:58,172 INFO /usr/home/lhh/MediaChooser/../MediaChooser/ad_resource_mgmt/views.py query id:4 username: hudandan
2011-03-07 10:47:46,825 INFO /usr/home/lhh/MediaChooser/../MediaChooser/ad_resource_mgmt/views.py query id:4 username: hudandan
2011-03-08 10:12:01,253 INFO /usr/home/lhh/MediaChooser/../MediaChooser/ad_resource_mgmt/views.py query id:4 username: hudandan
2011-03-08 10:20:36,224 INFO /usr/home/lhh/MediaChooser/../MediaChooser/ad_resource_mgmt/views.py query id:4 username: hudandan
2011-03-08 10:20:55,754 INFO /usr/home/lhh/MediaChooser/../MediaChooser/ad_resource_mgmt/views.py query id:4 username: hudandan
2011-03-08 10:23:46,663 INFO /usr/home/lhh/MediaChooser/../MediaChooser/ad_resource_mgmt/views.py query id:4 username: hudandan
2011-03-08 10:23:51,602 INFO /usr/home/lhh/MediaChooser/../MediaChooser/ad_resource_mgmt/views.py query id:4 username: hudandan
